<?xml version="1.0" encoding="UTF-8"?>
<testng-results skipped="0" failed="0" ignored="0" total="1" passed="1">
  <reporter-output>
  </reporter-output>
  <suite name="Default suite" duration-ms="32114" started-at="2022-10-01T23:04:23 IST" finished-at="2022-10-01T23:04:56 IST">
    <groups>
    </groups>
    <test name="Default test" duration-ms="32114" started-at="2022-10-01T23:04:23 IST" finished-at="2022-10-01T23:04:56 IST">
      <class name="com.authentication.LoginTest">
        <test-method status="PASS" signature="beforeTest()[pri:0, instance:com.authentication.LoginTest@6eceb130]" name="beforeTest" is-config="true" duration-ms="8360" started-at="2022-10-01T23:04:23 IST" finished-at="2022-10-01T23:04:32 IST">
          <reporter-output>
          </reporter-output>
        </test-method> <!-- beforeTest -->
        <test-method status="PASS" signature="testLogin()[pri:0, instance:com.authentication.LoginTest@6eceb130]" name="testLogin" duration-ms="23693" started-at="2022-10-01T23:04:32 IST" finished-at="2022-10-01T23:04:56 IST">
          <reporter-output>
          </reporter-output>
        </test-method> <!-- testLogin -->
        <test-method status="PASS" signature="afterTest()[pri:0, instance:com.authentication.LoginTest@6eceb130]" name="afterTest" is-config="true" duration-ms="1" started-at="2022-10-01T23:04:56 IST" finished-at="2022-10-01T23:04:56 IST">
          <reporter-output>
          </reporter-output>
        </test-method> <!-- afterTest -->
      </class> <!-- com.authentication.LoginTest -->
    </test> <!-- Default test -->
  </suite> <!-- Default suite -->
</testng-results>
